  delete.cpp
C:\Users\georg\Desktop\KursachTP\delete.cpp(4,50): error C2061: синтаксическая ошибка: идентификатор "TPlaying_Field"
C:\Users\georg\Desktop\KursachTP\delete.cpp(7,21): error C2065: field: необъявленный идентификатор
C:\Users\georg\Desktop\KursachTP\delete.cpp(13,17): error C2065: field: необъявленный идентификатор
C:\Users\georg\Desktop\KursachTP\delete.cpp(13,43): error C2065: field: необъявленный идентификатор
C:\Users\georg\Desktop\KursachTP\delete.cpp(22,38): error C2065: field: необъявленный идентификатор
C:\Users\georg\Desktop\KursachTP\delete.cpp(22,28): error C3861: Evaluate: идентификатор не найден
C:\Users\georg\Desktop\KursachTP\delete.cpp(27,66): error C2065: field: необъявленный идентификатор
C:\Users\georg\Desktop\KursachTP\delete.cpp(31,22): error C2065: field: необъявленный идентификатор
C:\Users\georg\Desktop\KursachTP\delete.cpp(35,22): error C2065: field: необъявленный идентификатор
C:\Users\georg\Desktop\KursachTP\delete.cpp(43,33): error C2061: синтаксическая ошибка: идентификатор "TPlaying_Field"
C:\Users\georg\Desktop\KursachTP\delete.cpp(46,27): error C2065: field: необъявленный идентификатор
C:\Users\georg\Desktop\KursachTP\delete.cpp(49,17): error C2065: field: необъявленный идентификатор
C:\Users\georg\Desktop\KursachTP\delete.cpp(49,43): error C2065: field: необъявленный идентификатор
C:\Users\georg\Desktop\KursachTP\delete.cpp(51,49): error C2065: field: необъявленный идентификатор
C:\Users\georg\Desktop\KursachTP\delete.cpp(52,22): error C2065: field: необъявленный идентификатор
C:\Users\georg\Desktop\KursachTP\delete.cpp(54,22): error C2065: field: необъявленный идентификатор
  main.cpp
C:\Users\georg\Desktop\KursachTP\Cell.h(19,31): warning C4244: аргумент: преобразование "int" в "float", возможна потеря данных
C:\Users\georg\Desktop\KursachTP\Cell.h(21,30): warning C4244: аргумент: преобразование "int" в "float", возможна потеря данных
C:\Users\georg\Desktop\KursachTP\Cell.h(21,27): warning C4244: аргумент: преобразование "int" в "float", возможна потеря данных
C:\Users\georg\Desktop\KursachTP\Cell.h(74,37): warning C4244: аргумент: преобразование "int" в "float", возможна потеря данных
C:\Users\georg\Desktop\KursachTP\Cell.h(74,34): warning C4244: аргумент: преобразование "int" в "float", возможна потеря данных
C:\Users\georg\Desktop\KursachTP\GameField.h(103,94): warning C4244: аргумент: преобразование "int" в "T", возможна потеря данных
          with
          [
              T=float
          ]
C:\Users\georg\Desktop\KursachTP\GameField.h(103,61): warning C4244: аргумент: преобразование "int" в "T", возможна потеря данных
          with
          [
              T=float
          ]
C:\Users\georg\Desktop\KursachTP\GameField.h(104,102): warning C4244: аргумент: преобразование "int" в "T", возможна потеря данных
          with
          [
              T=float
          ]
C:\Users\georg\Desktop\KursachTP\GameField.h(104,65): warning C4244: аргумент: преобразование "int" в "T", возможна потеря данных
          with
          [
              T=float
          ]
C:\Users\georg\Desktop\KursachTP\GameField.h(116,94): warning C4244: аргумент: преобразование "int" в "T", возможна потеря данных
          with
          [
              T=float
          ]
C:\Users\georg\Desktop\KursachTP\GameField.h(116,61): warning C4244: аргумент: преобразование "int" в "T", возможна потеря данных
          with
          [
              T=float
          ]
C:\Users\georg\Desktop\KursachTP\GameField.h(117,102): warning C4244: аргумент: преобразование "int" в "T", возможна потеря данных
          with
          [
              T=float
          ]
C:\Users\georg\Desktop\KursachTP\GameField.h(117,65): warning C4244: аргумент: преобразование "int" в "T", возможна потеря данных
          with
          [
              T=float
          ]
C:\Users\georg\Desktop\KursachTP\GameField.h(133,94): warning C4244: аргумент: преобразование "int" в "T", возможна потеря данных
          with
          [
              T=float
          ]
C:\Users\georg\Desktop\KursachTP\GameField.h(133,61): warning C4244: аргумент: преобразование "int" в "T", возможна потеря данных
          with
          [
              T=float
          ]
C:\Users\georg\Desktop\KursachTP\GameField.h(134,102): warning C4244: аргумент: преобразование "int" в "T", возможна потеря данных
          with
          [
              T=float
          ]
C:\Users\georg\Desktop\KursachTP\GameField.h(134,65): warning C4244: аргумент: преобразование "int" в "T", возможна потеря данных
          with
          [
              T=float
          ]
C:\Users\georg\Desktop\KursachTP\GameField.h(144,94): warning C4244: аргумент: преобразование "int" в "T", возможна потеря данных
          with
          [
              T=float
          ]
C:\Users\georg\Desktop\KursachTP\GameField.h(144,61): warning C4244: аргумент: преобразование "int" в "T", возможна потеря данных
          with
          [
              T=float
          ]
C:\Users\georg\Desktop\KursachTP\GameField.h(145,102): warning C4244: аргумент: преобразование "int" в "T", возможна потеря данных
          with
          [
              T=float
          ]
C:\Users\georg\Desktop\KursachTP\GameField.h(145,65): warning C4244: аргумент: преобразование "int" в "T", возможна потеря данных
          with
          [
              T=float
          ]
C:\Users\georg\Desktop\KursachTP\GameField.h(159,94): warning C4244: аргумент: преобразование "int" в "T", возможна потеря данных
          with
          [
              T=float
          ]
C:\Users\georg\Desktop\KursachTP\GameField.h(159,61): warning C4244: аргумент: преобразование "int" в "T", возможна потеря данных
          with
          [
              T=float
          ]
C:\Users\georg\Desktop\KursachTP\GameField.h(160,102): warning C4244: аргумент: преобразование "int" в "T", возможна потеря данных
          with
          [
              T=float
          ]
C:\Users\georg\Desktop\KursachTP\GameField.h(160,65): warning C4244: аргумент: преобразование "int" в "T", возможна потеря данных
          with
          [
              T=float
          ]
C:\Users\georg\Desktop\KursachTP\GameField.h(170,94): warning C4244: аргумент: преобразование "int" в "T", возможна потеря данных
          with
          [
              T=float
          ]
C:\Users\georg\Desktop\KursachTP\GameField.h(170,61): warning C4244: аргумент: преобразование "int" в "T", возможна потеря данных
          with
          [
              T=float
          ]
C:\Users\georg\Desktop\KursachTP\GameField.h(171,102): warning C4244: аргумент: преобразование "int" в "T", возможна потеря данных
          with
          [
              T=float
          ]
C:\Users\georg\Desktop\KursachTP\GameField.h(171,65): warning C4244: аргумент: преобразование "int" в "T", возможна потеря данных
          with
          [
              T=float
          ]
C:\Users\georg\Desktop\KursachTP\GameField.h(186,94): warning C4244: аргумент: преобразование "int" в "T", возможна потеря данных
          with
          [
              T=float
          ]
C:\Users\georg\Desktop\KursachTP\GameField.h(186,61): warning C4244: аргумент: преобразование "int" в "T", возможна потеря данных
          with
          [
              T=float
          ]
C:\Users\georg\Desktop\KursachTP\GameField.h(187,102): warning C4244: аргумент: преобразование "int" в "T", возможна потеря данных
          with
          [
              T=float
          ]
C:\Users\georg\Desktop\KursachTP\GameField.h(187,65): warning C4244: аргумент: преобразование "int" в "T", возможна потеря данных
          with
          [
              T=float
          ]
C:\Users\georg\Desktop\KursachTP\GameField.h(197,94): warning C4244: аргумент: преобразование "int" в "T", возможна потеря данных
          with
          [
              T=float
          ]
C:\Users\georg\Desktop\KursachTP\GameField.h(197,61): warning C4244: аргумент: преобразование "int" в "T", возможна потеря данных
          with
          [
              T=float
          ]
C:\Users\georg\Desktop\KursachTP\GameField.h(198,102): warning C4244: аргумент: преобразование "int" в "T", возможна потеря данных
          with
          [
              T=float
          ]
C:\Users\georg\Desktop\KursachTP\GameField.h(198,65): warning C4244: аргумент: преобразование "int" в "T", возможна потеря данных
          with
          [
              T=float
          ]
C:\Users\georg\Desktop\KursachTP\GameField.h(211,94): warning C4244: аргумент: преобразование "int" в "T", возможна потеря данных
          with
          [
              T=float
          ]
C:\Users\georg\Desktop\KursachTP\GameField.h(211,61): warning C4244: аргумент: преобразование "int" в "T", возможна потеря данных
          with
          [
              T=float
          ]
C:\Users\georg\Desktop\KursachTP\GameField.h(212,102): warning C4244: аргумент: преобразование "int" в "T", возможна потеря данных
          with
          [
              T=float
          ]
C:\Users\georg\Desktop\KursachTP\GameField.h(212,65): warning C4244: аргумент: преобразование "int" в "T", возможна потеря данных
          with
          [
              T=float
          ]
C:\Users\georg\Desktop\KursachTP\GameField.h(222,94): warning C4244: аргумент: преобразование "int" в "T", возможна потеря данных
          with
          [
              T=float
          ]
C:\Users\georg\Desktop\KursachTP\GameField.h(222,61): warning C4244: аргумент: преобразование "int" в "T", возможна потеря данных
          with
          [
              T=float
          ]
C:\Users\georg\Desktop\KursachTP\GameField.h(223,102): warning C4244: аргумент: преобразование "int" в "T", возможна потеря данных
          with
          [
              T=float
          ]
C:\Users\georg\Desktop\KursachTP\GameField.h(223,65): warning C4244: аргумент: преобразование "int" в "T", возможна потеря данных
          with
          [
              T=float
          ]
C:\Users\georg\Desktop\KursachTP\GameField.h(233,86): warning C4244: аргумент: преобразование "int" в "T", возможна потеря данных
          with
          [
              T=float
          ]
C:\Users\georg\Desktop\KursachTP\GameField.h(233,53): warning C4244: аргумент: преобразование "int" в "T", возможна потеря данных
          with
          [
              T=float
          ]
C:\Users\georg\Desktop\KursachTP\GameField.h(234,96): warning C4244: аргумент: преобразование "int" в "T", возможна потеря данных
          with
          [
              T=float
          ]
C:\Users\georg\Desktop\KursachTP\GameField.h(234,58): warning C4244: аргумент: преобразование "int" в "T", возможна потеря данных
          with
          [
              T=float
          ]
C:\Users\georg\Desktop\KursachTP\GameField.h(242,91): warning C4244: аргумент: преобразование "int" в "T", возможна потеря данных
          with
          [
              T=float
          ]
C:\Users\georg\Desktop\KursachTP\GameField.h(242,58): warning C4244: аргумент: преобразование "int" в "T", возможна потеря данных
          with
          [
              T=float
          ]
C:\Users\georg\Desktop\KursachTP\GameField.h(243,104): warning C4244: аргумент: преобразование "int" в "T", возможна потеря данных
          with
          [
              T=float
          ]
C:\Users\georg\Desktop\KursachTP\GameField.h(243,62): warning C4244: аргумент: преобразование "int" в "T", возможна потеря данных
          with
          [
              T=float
          ]
C:\Users\georg\Desktop\KursachTP\GameField.h(251,88): warning C4244: аргумент: преобразование "int" в "T", возможна потеря данных
          with
          [
              T=float
          ]
C:\Users\georg\Desktop\KursachTP\GameField.h(251,54): warning C4244: аргумент: преобразование "int" в "T", возможна потеря данных
          with
          [
              T=float
          ]
C:\Users\georg\Desktop\KursachTP\GameField.h(252,88): warning C4244: аргумент: преобразование "int" в "T", возможна потеря данных
          with
          [
              T=float
          ]
C:\Users\georg\Desktop\KursachTP\GameField.h(252,54): warning C4244: аргумент: преобразование "int" в "T", возможна потеря данных
          with
          [
              T=float
          ]
C:\Users\georg\Desktop\KursachTP\GameField.h(260,88): warning C4244: аргумент: преобразование "int" в "T", возможна потеря данных
          with
          [
              T=float
          ]
C:\Users\georg\Desktop\KursachTP\GameField.h(260,54): warning C4244: аргумент: преобразование "int" в "T", возможна потеря данных
          with
          [
              T=float
          ]
C:\Users\georg\Desktop\KursachTP\GameField.h(261,96): warning C4244: аргумент: преобразование "int" в "T", возможна потеря данных
          with
          [
              T=float
          ]
C:\Users\georg\Desktop\KursachTP\GameField.h(261,58): warning C4244: аргумент: преобразование "int" в "T", возможна потеря данных
          with
          [
              T=float
          ]
C:\Users\georg\Desktop\KursachTP\GameField.h(281,94): warning C4244: аргумент: преобразование "int" в "T", возможна потеря данных
          with
          [
              T=float
          ]
C:\Users\georg\Desktop\KursachTP\GameField.h(281,61): warning C4244: аргумент: преобразование "int" в "T", возможна потеря данных
          with
          [
              T=float
          ]
C:\Users\georg\Desktop\KursachTP\GameField.h(282,102): warning C4244: аргумент: преобразование "int" в "T", возможна потеря данных
          with
          [
              T=float
          ]
C:\Users\georg\Desktop\KursachTP\GameField.h(282,65): warning C4244: аргумент: преобразование "int" в "T", возможна потеря данных
          with
          [
              T=float
          ]
C:\Users\georg\Desktop\KursachTP\GameField.h(294,90): warning C4244: аргумент: преобразование "int" в "T", возможна потеря данных
          with
          [
              T=float
          ]
C:\Users\georg\Desktop\KursachTP\GameField.h(294,57): warning C4244: аргумент: преобразование "int" в "T", возможна потеря данных
          with
          [
              T=float
          ]
C:\Users\georg\Desktop\KursachTP\GameField.h(295,98): warning C4244: аргумент: преобразование "int" в "T", возможна потеря данных
          with
          [
              T=float
          ]
C:\Users\georg\Desktop\KursachTP\GameField.h(295,61): warning C4244: аргумент: преобразование "int" в "T", возможна потеря данных
          with
          [
              T=float
          ]
C:\Users\georg\Desktop\KursachTP\GameField.h(301,98): warning C4244: аргумент: преобразование "int" в "T", возможна потеря данных
          with
          [
              T=float
          ]
C:\Users\georg\Desktop\KursachTP\GameField.h(301,61): warning C4244: аргумент: преобразование "int" в "T", возможна потеря данных
          with
          [
              T=float
          ]
C:\Users\georg\Desktop\KursachTP\GameField.h(302,106): warning C4244: аргумент: преобразование "int" в "T", возможна потеря данных
          with
          [
              T=float
          ]
C:\Users\georg\Desktop\KursachTP\GameField.h(302,65): warning C4244: аргумент: преобразование "int" в "T", возможна потеря данных
          with
          [
              T=float
          ]
C:\Users\georg\Desktop\KursachTP\GameField.h(311,92): warning C4244: аргумент: преобразование "int" в "T", возможна потеря данных
          with
          [
              T=float
          ]
C:\Users\georg\Desktop\KursachTP\GameField.h(311,58): warning C4244: аргумент: преобразование "int" в "T", возможна потеря данных
          with
          [
              T=float
          ]
C:\Users\georg\Desktop\KursachTP\GameField.h(312,100): warning C4244: аргумент: преобразование "int" в "T", возможна потеря данных
          with
          [
              T=float
          ]
C:\Users\georg\Desktop\KursachTP\GameField.h(312,62): warning C4244: аргумент: преобразование "int" в "T", возможна потеря данных
          with
          [
              T=float
          ]
C:\Users\georg\Desktop\KursachTP\GameField.h(318,100): warning C4244: аргумент: преобразование "int" в "T", возможна потеря данных
          with
          [
              T=float
          ]
C:\Users\georg\Desktop\KursachTP\GameField.h(318,62): warning C4244: аргумент: преобразование "int" в "T", возможна потеря данных
          with
          [
              T=float
          ]
C:\Users\georg\Desktop\KursachTP\GameField.h(319,108): warning C4244: аргумент: преобразование "int" в "T", возможна потеря данных
          with
          [
              T=float
          ]
C:\Users\georg\Desktop\KursachTP\GameField.h(319,66): warning C4244: аргумент: преобразование "int" в "T", возможна потеря данных
          with
          [
              T=float
          ]
C:\Users\georg\Desktop\KursachTP\GameField.h(332,94): warning C4244: аргумент: преобразование "int" в "T", возможна потеря данных
          with
          [
              T=float
          ]
C:\Users\georg\Desktop\KursachTP\GameField.h(332,61): warning C4244: аргумент: преобразование "int" в "T", возможна потеря данных
          with
          [
              T=float
          ]
C:\Users\georg\Desktop\KursachTP\GameField.h(333,102): warning C4244: аргумент: преобразование "int" в "T", возможна потеря данных
          with
          [
              T=float
          ]
C:\Users\georg\Desktop\KursachTP\GameField.h(333,65): warning C4244: аргумент: преобразование "int" в "T", возможна потеря данных
          with
          [
              T=float
          ]
C:\Users\georg\Desktop\KursachTP\GameField.h(348,94): warning C4244: аргумент: преобразование "int" в "T", возможна потеря данных
          with
          [
              T=float
          ]
C:\Users\georg\Desktop\KursachTP\GameField.h(348,61): warning C4244: аргумент: преобразование "int" в "T", возможна потеря данных
          with
          [
              T=float
          ]
C:\Users\georg\Desktop\KursachTP\GameField.h(349,102): warning C4244: аргумент: преобразование "int" в "T", возможна потеря данных
          with
          [
              T=float
          ]
C:\Users\georg\Desktop\KursachTP\GameField.h(349,65): warning C4244: аргумент: преобразование "int" в "T", возможна потеря данных
          with
          [
              T=float
          ]
C:\Users\georg\Desktop\KursachTP\GameField.h(369,94): warning C4244: аргумент: преобразование "int" в "T", возможна потеря данных
          with
          [
              T=float
          ]
C:\Users\georg\Desktop\KursachTP\GameField.h(369,61): warning C4244: аргумент: преобразование "int" в "T", возможна потеря данных
          with
          [
              T=float
          ]
C:\Users\georg\Desktop\KursachTP\GameField.h(370,102): warning C4244: аргумент: преобразование "int" в "T", возможна потеря данных
          with
          [
              T=float
          ]
C:\Users\georg\Desktop\KursachTP\GameField.h(370,65): warning C4244: аргумент: преобразование "int" в "T", возможна потеря данных
          with
          [
              T=float
          ]
C:\Users\georg\Desktop\KursachTP\GameField.h(411,74): warning C4244: аргумент: преобразование "int" в "T", возможна потеря данных
          with
          [
              T=float
          ]
C:\Users\georg\Desktop\KursachTP\GameField.h(411,40): warning C4244: аргумент: преобразование "int" в "T", возможна потеря данных
          with
          [
              T=float
          ]
C:\Users\georg\Desktop\KursachTP\GameField.h(412,74): warning C4244: аргумент: преобразование "int" в "T", возможна потеря данных
          with
          [
              T=float
          ]
C:\Users\georg\Desktop\KursachTP\GameField.h(412,40): warning C4244: аргумент: преобразование "int" в "T", возможна потеря данных
          with
          [
              T=float
          ]
C:\Users\georg\Desktop\KursachTP\TPlaying_Field.h(10,9): error C3646: bot: неизвестный спецификатор переопределения
C:\Users\georg\Desktop\KursachTP\TPlaying_Field.h(10,12): error C4430: отсутствует спецификатор типа - предполагается int. Примечание. C++ не поддерживает int по умолчанию
C:\Users\georg\Desktop\KursachTP\TPlaying_Field.h(14,30): error C2061: синтаксическая ошибка: идентификатор "Bot"
C:\Users\georg\Desktop\KursachTP\TPlaying_Field.h(14,71): error C2065: b: необъявленный идентификатор
C:\Users\georg\Desktop\KursachTP\TPlaying_Field.h(14,85): error C2065: gmfld: необъявленный идентификатор
C:\Users\georg\Desktop\KursachTP\TPlaying_Field.h(14,67): error C2614: TPlaying_Field: недопустимая инициализация члена: "bot" не является базовым классом или членом
C:\Users\georg\Desktop\KursachTP\TPlaying_Field.h(19,45): error C2065: bot: необъявленный идентификатор
C:\Users\georg\Desktop\KursachTP\Bot.h(35,1): warning C4267: =: преобразование из "size_t" в "int"; возможна потеря данных
C:\Users\georg\Desktop\KursachTP\Bot.h(292,31): error C2039: "bot": не является членом "TPlaying_Field".
C:\Users\georg\Desktop\KursachTP\TPlaying_Field.h(6): message : см. объявление "TPlaying_Field"
C:\Users\georg\Desktop\KursachTP\Bot.h(303,73): error C2039: "bot": не является членом "TPlaying_Field".
C:\Users\georg\Desktop\KursachTP\TPlaying_Field.h(6): message : см. объявление "TPlaying_Field"
C:\Users\georg\Desktop\KursachTP\Bot.h(306,52): error C2039: "bot": не является членом "TPlaying_Field".
C:\Users\georg\Desktop\KursachTP\TPlaying_Field.h(6): message : см. объявление "TPlaying_Field"
C:\Users\georg\Desktop\KursachTP\Bot.h(308,40): error C2039: "bot": не является членом "TPlaying_Field".
C:\Users\georg\Desktop\KursachTP\TPlaying_Field.h(6): message : см. объявление "TPlaying_Field"
C:\Users\georg\Desktop\KursachTP\Bot.h(308,74): error C2039: "bot": не является членом "TPlaying_Field".
C:\Users\georg\Desktop\KursachTP\TPlaying_Field.h(6): message : см. объявление "TPlaying_Field"
C:\Users\georg\Desktop\KursachTP\Bot.h(317,48): error C2039: "bot": не является членом "TPlaying_Field".
C:\Users\georg\Desktop\KursachTP\TPlaying_Field.h(6): message : см. объявление "TPlaying_Field"
C:\Users\georg\Desktop\KursachTP\Bot.h(321,40): error C2039: "bot": не является членом "TPlaying_Field".
C:\Users\georg\Desktop\KursachTP\TPlaying_Field.h(6): message : см. объявление "TPlaying_Field"
C:\Users\georg\Desktop\KursachTP\Bot.h(322,40): error C2039: "bot": не является членом "TPlaying_Field".
C:\Users\georg\Desktop\KursachTP\TPlaying_Field.h(6): message : см. объявление "TPlaying_Field"
C:\Users\georg\Desktop\KursachTP\Bot.h(336,41): error C2039: "bot": не является членом "TPlaying_Field".
C:\Users\georg\Desktop\KursachTP\TPlaying_Field.h(6): message : см. объявление "TPlaying_Field"
C:\Users\georg\Desktop\KursachTP\Bot.h(336,24): error C2530: botik: ссылки должны быть инициализированы
C:\Users\georg\Desktop\KursachTP\main.cpp(20,56): error C2661: TPlaying_Field::TPlaying_Field: нет перегруженной функции, принимающей 3 аргументов
C:\Users\georg\Desktop\KursachTP\main.cpp(258,62): warning C4267: =: преобразование из "size_t" в "int"; возможна потеря данных
  Создание кода...
